<?xml version="1.0" encoding="UTF-8"?>
<testsuites xmlns:xsi="http://www.w3.org/2001/XMLSchema-instance"
            xsi:noNamespaceSchemaLocation="xunit.xsd">
   <testsuite id="0"
              package="Door Control Unit"
              name="Central Locking System Test with Test Tables"
              timestamp="2020-08-21T17:48:44"
              hostname="VHBBHR1183NBJ"
              tests="21"
              failures="0"
              errors="0"
              time="444.100000">
      <properties/>
      <testcase name="Lock statically"
                time="444.100000"
                classname="Test static requirements of the door control unit"/>
      <testcase name="Unlock statically"
                time="446.300000"
                classname="Test static requirements of the door control unit"/>
      <testcase name="Crash detection while engine is moving (engineOn=0,velocity=40)"
                time="448.500000"
                classname="Crash detection while engine is moving"/>
      <testcase name="Crash detection while engine is moving (engineOn=0,velocity=60)"
                time="450.500000"
                classname="Crash detection while engine is moving"/>
      <testcase name="Crash detection while engine is moving (engineOn=1,velocity=40)"
                time="452.500000"
                classname="Crash detection while engine is moving"/>
      <testcase name="Crash detection while engine is moving (engineOn=1,velocity=60)"
                time="455.000000"
                classname="Crash detection while engine is moving"/>
      <testcase name="Lock by increasing velocity"
                time="457.500000"
                classname="Test velocity dependent requirements of the door control unit"/>
      <testcase name="No unlock when slowing down"
                time="469.200000"
                classname="Test velocity dependent requirements of the door control unit"/>
      <testcase name="Check locking behavior with velocity waveform"
                time="476.900000"
                classname="Test velocity dependent requirements of the door control unit"/>
      <testcase name="Crash detection when car is moving with velocity 10"
                time="481.820000"
                classname="Apply crash with different velocities"/>
      <testcase name="Crash detection when car is moving with velocity 15"
                time="483.820000"
                classname="Apply crash with different velocities"/>
      <testcase name="Crash detection when car is moving with velocity 25"
                time="485.820000"
                classname="Apply crash with different velocities"/>
      <testcase name="Crash detection when car is moving with velocity 50"
                time="487.820000"
                classname="Apply crash with different velocities"/>
      <testcase name="Crash detection when car is moving with velocity 55"
                time="489.820000"
                classname="Apply crash with different velocities"/>
      <testcase name="Crash detection when car is moving with velocity 100"
                time="491.820000"
                classname="Apply crash with different velocities"/>
      <testcase name="Lock dependent on velocity and crash detection"
                time="493.820000"
                classname="Test velocity dependent requirements of the door control unit"/>
      <testcase name="For engine = 0, moving = 0 and applied crash = 1, check lock state == Locked"
                time="515.320000"
                classname="Lock with car moving/not moving"/>
      <testcase name="For engine = 0, moving = 1 and applied crash = 1, check lock state == Unlocked"
                time="517.020000"
                classname="Lock with car moving/not moving"/>
      <testcase name="For engine = 1, moving = 0 and applied crash = 0, check lock state == Locked"
                time="518.720000"
                classname="Lock with car moving/not moving"/>
      <testcase name="For engine = 1, moving = 1 and applied crash = 1, check lock state == Unlocked"
                time="520.420000"
                classname="Lock with car moving/not moving"/>
      <testcase name="Open and comfort close"
                time="522.120000"
                classname="Comfort close"/>
   </testsuite>
   <testsuite id="1"
              package="Door Control Unit"
              name="Central Locking System Test with Test Sequence Diagrams"
              timestamp="2020-08-21T17:48:44"
              hostname="VHBBHR1183NBJ"
              tests="20"
              failures="0"
              errors="0"
              time="532.320000">
      <properties/>
      <testcase name="Engine=On_V=0_ManualUnlocked"
                time="532.320000"
                classname="LockingSystemTester"/>
      <testcase name="Engine=On_V=0_ManualLocked_Crash"
                time="533.826928"
                classname="LockingSystemTester"/>
      <testcase name="Engine=On_V=0_ManualLocked_Engine=Off"
                time="535.332928"
                classname="LockingSystemTester"/>
      <testcase name="Engine=On_V&lt;LockVel_ManualUnlocked"
                time="536.838928"
                classname="LockingSystemTester"/>
      <testcase name="Engine=On_V&lt;LockVel_ManualLocked_Crash"
                time="538.344928"
                classname="LockingSystemTester"/>
      <testcase name="Engine=On_V&lt;LockVel_ManualLocked_Engine=Off"
                time="539.850928"
                classname="LockingSystemTester"/>
      <testcase name="Engine=On_V=LockVel_ManualLocked_V=LockVel_Crash"
                time="541.356928"
                classname="LockingSystemTester"/>
      <testcase name="Engine=On_V=LockVel_ManualLocked_V=LockVel_Engine=Off"
                time="543.112928"
                classname="LockingSystemTester"/>
      <testcase name="Engine=On_V=LockVel_ManualLocked_V&lt;LockVel_Crash"
                time="544.868928"
                classname="LockingSystemTester"/>
      <testcase name="Engine=On_V=LockVel_ManualLocked_V&lt;LockVel_Engine=Off"
                time="546.624928"
                classname="LockingSystemTester"/>
      <testcase name="Engine=On_V=LockVel_ManualUnlocked_V&lt;LockVel"
                time="548.380928"
                classname="LockingSystemTester"/>
      <testcase name="Engine=On_V&gt;LockVel_ManualLocked_V=LockVel_Crash"
                time="550.136928"
                classname="LockingSystemTester"/>
      <testcase name="Engine=On_V&gt;LockVel_ManualLocked_V=LockVel_Engine=Off"
                time="551.892928"
                classname="LockingSystemTester"/>
      <testcase name="Engine=On_V&gt;LockVel_ManualLocked_V&lt;LockVel_Crash"
                time="553.648928"
                classname="LockingSystemTester"/>
      <testcase name="Engine=On_V&gt;LockVel_ManualLocked_V&lt;LockVel_Engine=Off"
                time="555.405376"
                classname="LockingSystemTester"/>
      <testcase name="Engine=On_V&gt;LockVel_ManualUnlocked_V&lt;LockVel"
                time="557.162624"
                classname="LockingSystemTester"/>
      <testcase name="Engine=Off" time="558.918928" classname="LockingSystemTester"/>
      <testcase name="Check lock by increasing velocity"
                time="560.174928"
                classname="LockVelocityTester"/>
      <testcase name="Check no unlock when slowing down"
                time="561.530928"
                classname="LockVelocityTester"/>
      <testcase name="Check lock/unlock"
                time="562.736928"
                classname="LockVelocityTester"/>
   </testsuite>
   <testsuite id="2"
              package="Door Control Unit"
              name="Central Locking System Test with State Diagrams"
              timestamp="2020-08-21T17:48:44"
              hostname="VHBBHR1183NBJ"
              tests="6"
              failures="0"
              errors="0"
              time="567.205412">
      <properties/>
      <testcase name="Initialize_LockRequest=RequestUnlock_LockRequest=RequestLock_Finalize"
                time="567.205412"
                classname="LockingSystemTester"/>
      <testcase name="Initialize_0&lt;Velocity&lt;LockVelocity_LockRequest=RequestLock_Finalize"
                time="569.211928"
                classname="LockingSystemTester"/>
      <testcase name="Initialize_Velocity&gt;LockVelocity_Finalize"
                time="571.217928"
                classname="LockingSystemTester"/>
      <testcase name="Initialize_LockRequest=RequestLock_LockRequest=RequestUnlock(2)_LockRequest=RequestLock_Finalize"
                time="572.723928"
                classname="LockingSystemTester"/>
      <testcase name="Initialize_LockRequest=RequestLock_LockRequest=RequestLock(2)_Finalize"
                time="575.229928"
                classname="LockingSystemTester"/>
      <testcase name="Initialize_LockRequest=RequestLock_Velocity&lt;LockVelocity_Finalize"
                time="577.235928"
                classname="LockingSystemTester"/>
   </testsuite>
   <testsuite id="3"
              package="Door Control Unit"
              name="Central Locking System Test with CSharp"
              timestamp="2020-08-21T17:48:44"
              hostname="VHBBHR1183NBJ"
              tests="19"
              failures="0"
              errors="0"
              time="579.241928">
      <properties/>
      <testcase name="Lock statically"
                time="579.241928"
                classname="Test static requirements of the door control unit"/>
      <testcase name="Unlock statically"
                time="581.241928"
                classname="Test static requirements of the door control unit"/>
      <testcase name="Crash detection while engine is off and not moving"
                time="583.241928"
                classname="Test static requirements of the door control unit"/>
      <testcase name="Crash detection while engine is off and moving"
                time="585.241928"
                classname="Test static requirements of the door control unit"/>
      <testcase name="Crash detection while engine is running"
                time="587.241928"
                classname="Test static requirements of the door control unit"/>
      <testcase name="Lock by increasing velocity"
                time="589.741928"
                classname="Test velocity dependent requirements of the door control unit"/>
      <testcase name="Apply crash with different velocities (engineRunning=0,velocity=10)"
                time="601.441928"
                classname="Apply crash with different velocities"/>
      <testcase name="Apply crash with different velocities (engineRunning=0,velocity=15)"
                time="603.941928"
                classname="Apply crash with different velocities"/>
      <testcase name="Apply crash with different velocities (engineRunning=0,velocity=25)"
                time="606.441928"
                classname="Apply crash with different velocities"/>
      <testcase name="Apply crash with different velocities (engineRunning=0,velocity=50)"
                time="608.941928"
                classname="Apply crash with different velocities"/>
      <testcase name="Apply crash with different velocities (engineRunning=0,velocity=55)"
                time="611.441928"
                classname="Apply crash with different velocities"/>
      <testcase name="Apply crash with different velocities (engineRunning=0,velocity=100)"
                time="613.941928"
                classname="Apply crash with different velocities"/>
      <testcase name="Apply crash with different velocities (engineRunning=1,velocity=10)"
                time="616.441928"
                classname="Apply crash with different velocities"/>
      <testcase name="Apply crash with different velocities (engineRunning=1,velocity=15)"
                time="618.941928"
                classname="Apply crash with different velocities"/>
      <testcase name="Apply crash with different velocities (engineRunning=1,velocity=25)"
                time="621.441928"
                classname="Apply crash with different velocities"/>
      <testcase name="Apply crash with different velocities (engineRunning=1,velocity=50)"
                time="623.941928"
                classname="Apply crash with different velocities"/>
      <testcase name="Apply crash with different velocities (engineRunning=1,velocity=55)"
                time="626.441928"
                classname="Apply crash with different velocities"/>
      <testcase name="Apply crash with different velocities (engineRunning=1,velocity=100)"
                time="628.941928"
                classname="Apply crash with different velocities"/>
      <testcase name="Open and comfort close"
                time="631.441928"
                classname="Comfort close"/>
   </testsuite>
</testsuites>
