<?xml version="1.0" encoding="UTF-8"?>
<testsuites xmlns:xsi="http://www.w3.org/2001/XMLSchema-instance"
            xsi:noNamespaceSchemaLocation="xunit.xsd">
   <testsuite id="0"
              package="Door Control Unit"
              name="Central Locking System Test with Test Tables"
              timestamp="2020-08-21T00:53:57"
              hostname="VHBBHR1183NBJ"
              tests="21"
              failures="0"
              errors="0"
              time="87.001111">
      <properties/>
      <testcase name="Lock statically"
                time="2.2"
                classname="Test static requirements of the door control unit"/>
      <testcase name="Unlock statically"
                time="2.1999999999999997"
                classname="Test static requirements of the door control unit"/>
      <testcase name="Crash detection while engine is moving (engineOn=0,velocity=40)"
                time="2"
                classname="Crash detection while engine is moving"/>
      <testcase name="Crash detection while engine is moving (engineOn=0,velocity=60)"
                time="2"
                classname="Crash detection while engine is moving"/>
      <testcase name="Crash detection while engine is moving (engineOn=1,velocity=40)"
                time="2.5"
                classname="Crash detection while engine is moving"/>
      <testcase name="Crash detection while engine is moving (engineOn=1,velocity=60)"
                time="2.5"
                classname="Crash detection while engine is moving"/>
      <testcase name="Lock by increasing velocity"
                time="11.4"
                classname="Test velocity dependent requirements of the door control unit"/>
      <testcase name="No unlock when slowing down"
                time="7.700000000000003"
                classname="Test velocity dependent requirements of the door control unit"/>
      <testcase name="Check locking behavior with velocity waveform"
                time="4.0011109999999945"
                classname="Test velocity dependent requirements of the door control unit"/>
      <testcase name="Crash detection when car is moving with velocity 10"
                time="2"
                classname="Apply crash with different velocities"/>
      <testcase name="Crash detection when car is moving with velocity 15"
                time="2"
                classname="Apply crash with different velocities"/>
      <testcase name="Crash detection when car is moving with velocity 25"
                time="2"
                classname="Apply crash with different velocities"/>
      <testcase name="Crash detection when car is moving with velocity 50"
                time="2"
                classname="Apply crash with different velocities"/>
      <testcase name="Crash detection when car is moving with velocity 55"
                time="2"
                classname="Apply crash with different velocities"/>
      <testcase name="Crash detection when car is moving with velocity 100"
                time="2"
                classname="Apply crash with different velocities"/>
      <testcase name="Lock dependent on velocity and crash detection"
                time="21.5"
                classname="Test velocity dependent requirements of the door control unit"/>
      <testcase name="For engine = 0, moving = 0 and applied crash = 1, check lock state == Locked"
                time="1.7000000000000028"
                classname="Lock with car moving/not moving"/>
      <testcase name="For engine = 0, moving = 1 and applied crash = 1, check lock state == Unlocked"
                time="1.7000000000000028"
                classname="Lock with car moving/not moving"/>
      <testcase name="For engine = 1, moving = 0 and applied crash = 0, check lock state == Locked"
                time="1.7000000000000028"
                classname="Lock with car moving/not moving"/>
      <testcase name="For engine = 1, moving = 1 and applied crash = 1, check lock state == Unlocked"
                time="1.6999999999999886"
                classname="Lock with car moving/not moving"/>
      <testcase name="Open and comfort close"
                time="10.200000000000003"
                classname="Comfort close"/>
   </testsuite>
   <testsuite id="1"
              package="Door Control Unit"
              name="Central Locking System Test with Test Sequence Diagrams"
              timestamp="2020-08-21T00:55:24"
              hostname="VHBBHR1183NBJ"
              tests="20"
              failures="0"
              errors="0"
              time="34.227846">
      <properties/>
      <testcase name="Engine=On_V=0_ManualUnlocked"
                time="1.5036680000000047"
                classname="LockingSystemTester"/>
      <testcase name="Engine=On_V=0_ManualLocked_Crash"
                time="1.5023359999999997"
                classname="LockingSystemTester"/>
      <testcase name="Engine=On_V=0_ManualLocked_Engine=Off"
                time="1.5046399999999949"
                classname="LockingSystemTester"/>
      <testcase name="Engine=On_V&lt;LockVel_ManualUnlocked"
                time="1.501496000000003"
                classname="LockingSystemTester"/>
      <testcase name="Engine=On_V&lt;LockVel_ManualLocked_Crash"
                time="1.5020619999999951"
                classname="LockingSystemTester"/>
      <testcase name="Engine=On_V&lt;LockVel_ManualLocked_Engine=Off"
                time="1.5025440000000003"
                classname="LockingSystemTester"/>
      <testcase name="Engine=On_V=LockVel_ManualLocked_V=LockVel_Crash"
                time="1.7532510000000059"
                classname="LockingSystemTester"/>
      <testcase name="Engine=On_V=LockVel_ManualLocked_V=LockVel_Engine=Off"
                time="1.7512380000000007"
                classname="LockingSystemTester"/>
      <testcase name="Engine=On_V=LockVel_ManualLocked_V&lt;LockVel_Crash"
                time="1.7524580000000043"
                classname="LockingSystemTester"/>
      <testcase name="Engine=On_V=LockVel_ManualLocked_V&lt;LockVel_Engine=Off"
                time="1.7537349999999918"
                classname="LockingSystemTester"/>
      <testcase name="Engine=On_V=LockVel_ManualUnlocked_V&lt;LockVel"
                time="1.7522100000000052"
                classname="LockingSystemTester"/>
      <testcase name="Engine=On_V&gt;LockVel_ManualLocked_V=LockVel_Crash"
                time="1.7528229999999922"
                classname="LockingSystemTester"/>
      <testcase name="Engine=On_V&gt;LockVel_ManualLocked_V=LockVel_Engine=Off"
                time="1.7532060000000058"
                classname="LockingSystemTester"/>
      <testcase name="Engine=On_V&gt;LockVel_ManualLocked_V&lt;LockVel_Crash"
                time="1.753264999999999"
                classname="LockingSystemTester"/>
      <testcase name="Engine=On_V&gt;LockVel_ManualLocked_V&lt;LockVel_Engine=Off"
                time="1.753027000000003"
                classname="LockingSystemTester"/>
      <testcase name="Engine=On_V&gt;LockVel_ManualUnlocked_V&lt;LockVel"
                time="1.7529990000000026"
                classname="LockingSystemTester"/>
      <testcase name="Engine=Off"
                time="1.2522709999999933"
                classname="LockingSystemTester"/>
      <testcase name="Check lock by increasing velocity"
                time="1.3519629999999978"
                classname="LockVelocityTester"/>
      <testcase name="Check no unlock when slowing down"
                time="1.2029679999999985"
                classname="LockVelocityTester"/>
      <testcase name="Check lock/unlock"
                time="3.8756860000000017"
                classname="LockVelocityTester"/>
   </testsuite>
   <testsuite id="2"
              package="Door Control Unit"
              name="Central Locking System Test with State Diagrams"
              timestamp="2020-08-21T00:55:58"
              hostname="VHBBHR1183NBJ"
              tests="6"
              failures="0"
              errors="0"
              time="12.022259000000005">
      <properties/>
      <testcase name="Initialize_LockRequest=RequestUnlock_LockRequest=RequestLock_Finalize"
                time="2.0037690000000055"
                classname="LockingSystemTester"/>
      <testcase name="Initialize_0&lt;Velocity&lt;LockVelocity_LockRequest=RequestLock_Finalize"
                time="2.004466999999991"
                classname="LockingSystemTester"/>
      <testcase name="Initialize_Velocity&gt;LockVelocity_Finalize"
                time="1.5039760000000086"
                classname="LockingSystemTester"/>
      <testcase name="Initialize_LockRequest=RequestLock_LockRequest=RequestUnlock(2)_LockRequest=RequestLock_Finalize"
                time="2.502114999999989"
                classname="LockingSystemTester"/>
      <testcase name="Initialize_LockRequest=RequestLock_LockRequest=RequestLock(2)_Finalize"
                time="2.0042470000000208"
                classname="LockingSystemTester"/>
      <testcase name="Initialize_LockRequest=RequestLock_Velocity&lt;LockVelocity_Finalize"
                time="2.00368499999999"
                classname="LockingSystemTester"/>
   </testsuite>
   <testsuite id="3"
              package="Door Control Unit"
              name="Central Locking System Test with CSharp"
              timestamp="2020-08-21T00:56:10"
              hostname="VHBBHR1183NBJ"
              tests="19"
              failures="0"
              errors="0"
              time="62.400000000000006">
      <properties/>
      <testcase name="Lock statically"
                time="2"
                classname="Test static requirements of the door control unit"/>
      <testcase name="Unlock statically"
                time="2"
                classname="Test static requirements of the door control unit"/>
      <testcase name="Crash detection while engine is off and not moving"
                time="2"
                classname="Test static requirements of the door control unit"/>
      <testcase name="Crash detection while engine is off and moving"
                time="2"
                classname="Test static requirements of the door control unit"/>
      <testcase name="Crash detection while engine is running"
                time="2.5"
                classname="Test static requirements of the door control unit"/>
      <testcase name="Lock by increasing velocity"
                time="11.699999999999989"
                classname="Test velocity dependent requirements of the door control unit"/>
      <testcase name="Apply crash with different velocities (engineRunning=0,velocity=10)"
                time="2.5"
                classname="Apply crash with different velocities"/>
      <testcase name="Apply crash with different velocities (engineRunning=0,velocity=15)"
                time="2.5"
                classname="Apply crash with different velocities"/>
      <testcase name="Apply crash with different velocities (engineRunning=0,velocity=25)"
                time="2.5"
                classname="Apply crash with different velocities"/>
      <testcase name="Apply crash with different velocities (engineRunning=0,velocity=50)"
                time="2.5"
                classname="Apply crash with different velocities"/>
      <testcase name="Apply crash with different velocities (engineRunning=0,velocity=55)"
                time="2.5"
                classname="Apply crash with different velocities"/>
      <testcase name="Apply crash with different velocities (engineRunning=0,velocity=100)"
                time="2.5"
                classname="Apply crash with different velocities"/>
      <testcase name="Apply crash with different velocities (engineRunning=1,velocity=10)"
                time="2.5"
                classname="Apply crash with different velocities"/>
      <testcase name="Apply crash with different velocities (engineRunning=1,velocity=15)"
                time="2.5"
                classname="Apply crash with different velocities"/>
      <testcase name="Apply crash with different velocities (engineRunning=1,velocity=25)"
                time="2.5"
                classname="Apply crash with different velocities"/>
      <testcase name="Apply crash with different velocities (engineRunning=1,velocity=50)"
                time="2.5"
                classname="Apply crash with different velocities"/>
      <testcase name="Apply crash with different velocities (engineRunning=1,velocity=55)"
                time="2.5"
                classname="Apply crash with different velocities"/>
      <testcase name="Apply crash with different velocities (engineRunning=1,velocity=100)"
                time="2.5"
                classname="Apply crash with different velocities"/>
      <testcase name="Open and comfort close"
                time="10.200000000000017"
                classname="Comfort close"/>
   </testsuite>
</testsuites>
